<?xml version="1.0" encoding="UTF-8"?>
<!-- Generated by org.testng.reporters.JUnitReportReporter -->
<testsuite skipped="0" hostname="DESKTOP-F8L0G62" name="com.pack.home.TestExecution.TestRun" tests="15" failures="0" timestamp="07 Nov 2017 14:07:51 GMT" time="106.922" errors="0">
  <testcase name="parentallink" time="7.130" classname="com.pack.home.TestExecution.TestRun"/>
  <testcase name="login" time="11.834" classname="com.pack.home.TestExecution.TestRun"/>
  <testcase name="selectlink" time="1.008" classname="com.pack.home.TestExecution.TestRun"/>
  <testcase name="selectlink2" time="1.015" classname="com.pack.home.TestExecution.TestRun"/>
  <testcase name="advancedlink" time="5.157" classname="com.pack.home.TestExecution.TestRun"/>
  <testcase name="blockedlink" time="5.214" classname="com.pack.home.TestExecution.TestRun"/>
  <testcase name="customlink" time="5.152" classname="com.pack.home.TestExecution.TestRun"/>
  <testcase name="Customurl" time="6.866" classname="com.pack.home.TestExecution.TestRun"/>
  <testcase name="Schedulelink" time="5.208" classname="com.pack.home.TestExecution.TestRun"/>
  <testcase name="timeschedule1" time="5.183" classname="com.pack.home.TestExecution.TestRun"/>
  <testcase name="timeblock" time="15.088" classname="com.pack.home.TestExecution.TestRun"/>
  <testcase name="dayschedule" time="5.173" classname="com.pack.home.TestExecution.TestRun"/>
  <testcase name="dayblock" time="9.731" classname="com.pack.home.TestExecution.TestRun"/>
  <testcase name="dateschedule" time="5.228" classname="com.pack.home.TestExecution.TestRun"/>
  <testcase name="dateblock" time="17.935" classname="com.pack.home.TestExecution.TestRun"/>
</testsuite> <!-- com.pack.home.TestExecution.TestRun -->
