<?xml version="1.0" encoding="UTF-8"?>
<!-- Generated by org.testng.reporters.JUnitReportReporter -->
<testsuite skipped="0" hostname="DESKTOP-F8L0G62" name="com.pack.home.TestExecution.TestRun" tests="34" failures="0" timestamp="07 Nov 2017 15:38:23 GMT" time="221.413" errors="0">
  <testcase name="unsuccessfullogin" time="10.766" classname="com.pack.home.TestExecution.TestRun"/>
  <testcase name="login" time="10.992" classname="com.pack.home.TestExecution.TestRun"/>
  <testcase name="verifyWelcomeMesg" time="0.069" classname="com.pack.home.TestExecution.TestRun"/>
  <testcase name="clickPrivacy" time="5.221" classname="com.pack.home.TestExecution.TestRun"/>
  <testcase name="clickTerms" time="5.283" classname="com.pack.home.TestExecution.TestRun"/>
  <testcase name="clickRefund" time="5.262" classname="com.pack.home.TestExecution.TestRun"/>
  <testcase name="clickfeedback" time="5.294" classname="com.pack.home.TestExecution.TestRun"/>
  <testcase name="sendfeedback" time="10.584" classname="com.pack.home.TestExecution.TestRun"/>
  <testcase name="clickfaq" time="5.294" classname="com.pack.home.TestExecution.TestRun"/>
  <testcase name="clickknowcpe" time="5.445" classname="com.pack.home.TestExecution.TestRun"/>
  <testcase name="clickPayment" time="5.320" classname="com.pack.home.TestExecution.TestRun"/>
  <testcase name="clickPayBill" time="5.370" classname="com.pack.home.TestExecution.TestRun"/>
  <testcase name="clickcontact" time="6.815" classname="com.pack.home.TestExecution.TestRun"/>
  <testcase name="sendlink" time="11.222" classname="com.pack.home.TestExecution.TestRun"/>
  <testcase name="clickTopUp" time="5.242" classname="com.pack.home.TestExecution.TestRun"/>
  <testcase name="clickPlan" time="5.195" classname="com.pack.home.TestExecution.TestRun"/>
  <testcase name="clickProfile" time="5.282" classname="com.pack.home.TestExecution.TestRun"/>
  <testcase name="clickService" time="5.336" classname="com.pack.home.TestExecution.TestRun"/>
  <testcase name="sendnowrequest" time="8.886" classname="com.pack.home.TestExecution.TestRun"/>
  <testcase name="parentallink" time="7.188" classname="com.pack.home.TestExecution.TestRun"/>
  <testcase name="advancedlink" time="5.127" classname="com.pack.home.TestExecution.TestRun"/>
  <testcase name="selectlink" time="1.009" classname="com.pack.home.TestExecution.TestRun"/>
  <testcase name="selectlink2" time="1.014" classname="com.pack.home.TestExecution.TestRun"/>
  <testcase name="blockedlink" time="5.147" classname="com.pack.home.TestExecution.TestRun"/>
  <testcase name="customlink" time="5.131" classname="com.pack.home.TestExecution.TestRun"/>
  <testcase name="Customurl" time="6.704" classname="com.pack.home.TestExecution.TestRun"/>
  <testcase name="Schedulelink" time="5.097" classname="com.pack.home.TestExecution.TestRun"/>
  <testcase name="timeschedule1" time="5.133" classname="com.pack.home.TestExecution.TestRun"/>
  <testcase name="timeblock" time="14.457" classname="com.pack.home.TestExecution.TestRun"/>
  <testcase name="dayschedule" time="5.129" classname="com.pack.home.TestExecution.TestRun"/>
  <testcase name="dayblock" time="9.669" classname="com.pack.home.TestExecution.TestRun"/>
  <testcase name="dateschedule" time="5.130" classname="com.pack.home.TestExecution.TestRun"/>
  <testcase name="dateblock" time="17.296" classname="com.pack.home.TestExecution.TestRun"/>
  <testcase name="logout" time="5.304" classname="com.pack.home.TestExecution.TestRun"/>
</testsuite> <!-- com.pack.home.TestExecution.TestRun -->
